<?xml version="1.0" encoding="UTF-8"?>
<!-- Generated by org.testng.reporters.JUnitXMLReporter -->
<testsuite ignored="0" hostname="DESKTOP-MO8E73B" failures="0" tests="4" name="Default test" time="93.475" errors="0" timestamp="05 May 2023 02:18:54 GMT">
  <testcase classname="com.testNG.DataProviderTest" name="getLogin" time="14.268"/>
  <testcase classname="com.testNG.DataProviderTest" name="getLogin" time="20.599"/>
  <testcase classname="com.testNG.DataProviderTest" name="getLogin" time="28.366"/>
  <testcase classname="com.testNG.DataProviderTest" name="getLogin" time="30.148"/>
</testsuite> <!-- Default test -->
