<?xml version="1.0" encoding="UTF-8"?>
<!-- Generated by org.testng.reporters.JUnitXMLReporter -->
<testsuite ignored="0" hostname="DESKTOP-MO8E73B" failures="0" tests="3" name="Test" time="74.14" errors="0" timestamp="01 May 2023 22:03:34 GMT">
  <testcase classname="com.testNG.ParallalTesting" name="getOpenBrowserNode1" time="63.944"/>
  <testcase classname="com.testNG.ParallalTesting" name="getOpenBrowserNode3" time="69.124"/>
  <testcase classname="com.testNG.ParallalTesting" name="getOpenBrowserNode2" time="73.99"/>
</testsuite> <!-- Test -->
