<?xml version="1.0" encoding="UTF-8"?>
<testng-results ignored="0" total="4" passed="4" failed="0" skipped="0">
  <reporter-output>
  </reporter-output>
  <suite started-at="2023-05-05T02:17:20Z" name="Default suite" finished-at="2023-05-05T02:18:54Z" duration-ms="93475">
    <groups>
    </groups>
    <test started-at="2023-05-05T02:17:20Z" name="Default test" finished-at="2023-05-05T02:18:54Z" duration-ms="93475">
      <class name="com.testNG.DataProviderTest">
        <test-method signature="getLogin(java.lang.String, java.lang.String)[pri:0, instance:com.testNG.DataProviderTest@432038ec]" started-at="2023-05-05T02:17:20Z" name="getLogin" data-provider="Authentication" finished-at="2023-05-05T02:17:35Z" duration-ms="14268" status="PASS">
          <params>
            <param index="0">
              <value>
                <![CDATA[afrozaakter355@gmail.com]]>
              </value>
            </param>
            <param index="1">
              <value>
                <![CDATA[Akter172886]]>
              </value>
            </param>
          </params>
          <reporter-output>
          </reporter-output>
        </test-method> <!-- getLogin -->
        <test-method signature="getLogin(java.lang.String, java.lang.String)[pri:0, instance:com.testNG.DataProviderTest@432038ec]" started-at="2023-05-05T02:17:35Z" name="getLogin" data-provider="Authentication" finished-at="2023-05-05T02:17:55Z" duration-ms="20599" status="PASS">
          <params>
            <param index="0">
              <value>
                <![CDATA[afrozaakter355@gmail.com]]>
              </value>
            </param>
            <param index="1">
              <value>
                <![CDATA[Akter172886]]>
              </value>
            </param>
          </params>
          <reporter-output>
          </reporter-output>
        </test-method> <!-- getLogin -->
        <test-method signature="getLogin(java.lang.String, java.lang.String)[pri:0, instance:com.testNG.DataProviderTest@432038ec]" started-at="2023-05-05T02:17:55Z" name="getLogin" data-provider="Authentication" finished-at="2023-05-05T02:18:24Z" duration-ms="28366" status="PASS">
          <params>
            <param index="0">
              <value>
                <![CDATA[afrozaakter355@gmail.com]]>
              </value>
            </param>
            <param index="1">
              <value>
                <![CDATA[Akter172886]]>
              </value>
            </param>
          </params>
          <reporter-output>
          </reporter-output>
        </test-method> <!-- getLogin -->
        <test-method signature="getLogin(java.lang.String, java.lang.String)[pri:0, instance:com.testNG.DataProviderTest@432038ec]" started-at="2023-05-05T02:18:24Z" name="getLogin" data-provider="Authentication" finished-at="2023-05-05T02:18:54Z" duration-ms="30148" status="PASS">
          <params>
            <param index="0">
              <value>
                <![CDATA[xyz12345@gmail.com]]>
              </value>
            </param>
            <param index="1">
              <value>
                <![CDATA[xxx0989]]>
              </value>
            </param>
          </params>
          <reporter-output>
          </reporter-output>
        </test-method> <!-- getLogin -->
      </class> <!-- com.testNG.DataProviderTest -->
    </test> <!-- Default test -->
  </suite> <!-- Default suite -->
</testng-results>
